#
# There is insufficient memory for the Java Runtime Environment to continue.
# Native memory allocation (mmap) failed to map 65536 bytes for Failed to commit metaspace.
# Possible reasons:
#   The system is out of physical RAM or swap space
#   The process is running with CompressedOops enabled, and the Java Heap may be blocking the growth of the native heap
# Possible solutions:
#   Reduce memory load on the system
#   Increase physical memory or swap space
#   Check if swap backing store is full
#   Decrease Java heap size (-Xmx/-Xms)
#   Decrease number of Java threads
#   Decrease Java thread stack sizes (-Xss)
#   Set larger code cache with -XX:ReservedCodeCacheSize=
#   JVM is running with Unscaled Compressed Oops mode in which the Java heap is
#     placed in the first 4GB address space. The Java Heap base address is the
#     maximum limit for the native heap growth. Please use -XX:HeapBaseMinAddress
#     to set the Java Heap base and to place the Java Heap above 4GB virtual address.
# This output file may be truncated or incomplete.
#
#  Out of Memory Error (virtualSpaceNode.cpp:110), pid=9016, tid=3792
#
# JRE version: Java(TM) SE Runtime Environment (17.0.10+11) (build 17.0.10+11-LTS-240)
# Java VM: Java HotSpot(TM) 64-Bit Server VM (17.0.10+11-LTS-240, mixed mode, sharing, tiered, compressed oops, compressed class ptrs, g1 gc, windows-amd64)
# No core dump will be written. Minidumps are not enabled by default on client versions of Windows
#

---------------  S U M M A R Y ------------

Command Line: -javaagent:C:\Program Files\JetBrains\IntelliJ IDEA 2023.2\lib\idea_rt.jar=64202:C:\Program Files\JetBrains\IntelliJ IDEA 2023.2\bin -Dfile.encoding=UTF-8 ReverseArray

Host: Intel(R) Core(TM) i5-9300H CPU @ 2.40GHz, 8 cores, 7G,  Windows 10 , 64 bit Build 19041 (10.0.19041.3636)
Time: Fri May 10 11:21:14 2024 SE Asia Standard Time elapsed time: 0.106221 seconds (0d 0h 0m 0s)

---------------  T H R E A D  ---------------

Current thread (0x0000015651f6c480):  JavaThread "main" [_thread_in_vm, id=3792, stack(0x0000000d45500000,0x0000000d45600000)]

Stack: [0x0000000d45500000,0x0000000d45600000]
Native frames: (J=compiled Java code, j=interpreted, Vv=VM code, C=native code)
V  [jvm.dll+0x677a5a]
V  [jvm.dll+0x7d8b2d]
V  [jvm.dll+0x7da48e]
V  [jvm.dll+0x7daaf3]
V  [jvm.dll+0x2455ff]
V  [jvm.dll+0x7d483b]
V  [jvm.dll+0x61dc06]
V  [jvm.dll+0x61dc6a]
V  [jvm.dll+0x62049d]
V  [jvm.dll+0x61e5c6]
V  [jvm.dll+0x62f379]
V  [jvm.dll+0x628694]
V  [jvm.dll+0x37de61]
C  0x0000015660d5c711

Java frames: (J=compiled Java code, j=interpreted, Vv=VM code)
j  java.lang.module.Configuration.modules()Ljava/util/Set;+0 java.base@17.0.10
j  jdk.internal.module.ModuleLoaderMap$Mapper.<init>(Ljava/lang/module/Configuration;)V+13 java.base@17.0.10
j  jdk.internal.module.ModuleLoaderMap.mappingFunction(Ljava/lang/module/Configuration;)Ljava/util/function/Function;+5 java.base@17.0.10
j  jdk.internal.module.ModuleBootstrap.boot2()Ljava/lang/ModuleLayer;+1002 java.base@17.0.10
j  jdk.internal.module.ModuleBootstrap.boot()Ljava/lang/ModuleLayer;+64 java.base@17.0.10
j  java.lang.System.initPhase2(ZZ)I+0 java.base@17.0.10
v  ~StubRoutines::call_stub

---------------  P R O C E S S  ---------------

Threads class SMR info:
_java_thread_list=0x00000156701e0520, length=11, elements={
0x0000015651f6c480, 0x000001566ffef240, 0x000001566ffefcd0, 0x000001566fffd4e0,
0x000001566fffecc0, 0x00000156700013a0, 0x0000015670005980, 0x00000156700079d0,
0x0000015670011fa0, 0x00000156700249a0, 0x000001566ffd5300
}

Java Threads: ( => current thread )
=>0x0000015651f6c480 JavaThread "main" [_thread_in_vm, id=3792, stack(0x0000000d45500000,0x0000000d45600000)]
  0x000001566ffef240 JavaThread "Reference Handler" daemon [_thread_blocked, id=13300, stack(0x0000000d45c00000,0x0000000d45d00000)]
  0x000001566ffefcd0 JavaThread "Finalizer" daemon [_thread_blocked, id=1704, stack(0x0000000d45d00000,0x0000000d45e00000)]
  0x000001566fffd4e0 JavaThread "Signal Dispatcher" daemon [_thread_blocked, id=7104, stack(0x0000000d45e00000,0x0000000d45f00000)]
  0x000001566fffecc0 JavaThread "Attach Listener" daemon [_thread_blocked, id=4516, stack(0x0000000d45f00000,0x0000000d46000000)]
  0x00000156700013a0 JavaThread "Service Thread" daemon [_thread_blocked, id=7824, stack(0x0000000d46000000,0x0000000d46100000)]
  0x0000015670005980 JavaThread "Monitor Deflation Thread" daemon [_thread_blocked, id=12492, stack(0x0000000d46100000,0x0000000d46200000)]
  0x00000156700079d0 JavaThread "C2 CompilerThread0" daemon [_thread_blocked, id=2268, stack(0x0000000d46200000,0x0000000d46300000)]
  0x0000015670011fa0 JavaThread "C1 CompilerThread0" daemon [_thread_blocked, id=15048, stack(0x0000000d46300000,0x0000000d46400000)]
  0x00000156700249a0 JavaThread "Sweeper thread" daemon [_thread_blocked, id=2604, stack(0x0000000d46400000,0x0000000d46500000)]
  0x000001566ffd5300 JavaThread "Common-Cleaner" daemon [_thread_blocked, id=13468, stack(0x0000000d46500000,0x0000000d46600000)]

Other Threads:
  0x000001566ffe9d70 VMThread "VM Thread" [stack: 0x0000000d45b00000,0x0000000d45c00000] [id=1340]
  0x0000015651fc73d0 GCTaskThread "GC Thread#0" [stack: 0x0000000d45600000,0x0000000d45700000] [id=10852]
  0x0000015651fd3fb0 ConcurrentGCThread "G1 Main Marker" [stack: 0x0000000d45700000,0x0000000d45800000] [id=976]
  0x000001564fede0b0 ConcurrentGCThread "G1 Conc#0" [stack: 0x0000000d45800000,0x0000000d45900000] [id=11328]
  0x000001565203dc30 ConcurrentGCThread "G1 Refine#0" [stack: 0x0000000d45900000,0x0000000d45a00000] [id=16500]
  0x000001565203e270 ConcurrentGCThread "G1 Service" [stack: 0x0000000d45a00000,0x0000000d45b00000] [id=13820]

Threads with active compile tasks:

VM state: not at safepoint (normal execution)

VM Mutex/Monitor currently owned by a thread:  ([mutex/lock_event])
[0x000001564fed7b50] Metaspace_lock - owner thread: 0x0000015651f6c480

Heap address: 0x0000000082400000, size: 2012 MB, Compressed Oops mode: 32-bit

CDS archive(s) mapped at: [0x0000015600000000-0x0000015600bd0000-0x0000015600bd0000), size 12386304, SharedBaseAddress: 0x0000015600000000, ArchiveRelocationMode: 1.
Compressed class space mapped at: 0x0000015601000000-0x0000015641000000, reserved size: 1073741824
Narrow klass base: 0x0000015600000000, Narrow klass shift: 0, Narrow klass range: 0x100000000

GC Precious Log:
 CPUs: 8 total, 8 available
 Memory: 8043M
 Large Page Support: Disabled
 NUMA Support: Disabled
 Compressed Oops: Enabled (32-bit)
 Heap Region Size: 1M
 Heap Min Capacity: 8M
 Heap Initial Capacity: 126M
 Heap Max Capacity: 2012M
 Pre-touch: Disabled
 Parallel Workers: 8
 Concurrent Workers: 2
 Concurrent Refinement Workers: 8
 Periodic GC: Disabled

Heap:
 garbage-first heap   total 129024K, used 1024K [0x0000000082400000, 0x0000000100000000)
  region size 1024K, 2 young (2048K), 0 survivors (0K)
 Metaspace       used 197K, committed 384K, reserved 1114112K
  class space    used 4K, committed 128K, reserved 1048576K

Heap Regions: E=young(eden), S=young(survivor), O=old, HS=humongous(starts), HC=humongous(continues), CS=collection set, F=free, OA=open archive, CA=closed archive, TAMS=top-at-mark-start (previous, next)
|   0|0x0000000082400000, 0x0000000082400000, 0x0000000082500000|  0%| F|  |TAMS 0x0000000082400000, 0x0000000082400000| Untracked 
|   1|0x0000000082500000, 0x0000000082500000, 0x0000000082600000|  0%| F|  |TAMS 0x0000000082500000, 0x0000000082500000| Untracked 
|   2|0x0000000082600000, 0x0000000082600000, 0x0000000082700000|  0%| F|  |TAMS 0x0000000082600000, 0x0000000082600000| Untracked 
|   3|0x0000000082700000, 0x0000000082700000, 0x0000000082800000|  0%| F|  |TAMS 0x0000000082700000, 0x0000000082700000| Untracked 
|   4|0x0000000082800000, 0x0000000082800000, 0x0000000082900000|  0%| F|  |TAMS 0x0000000082800000, 0x0000000082800000| Untracked 
|   5|0x0000000082900000, 0x0000000082900000, 0x0000000082a00000|  0%| F|  |TAMS 0x0000000082900000, 0x0000000082900000| Untracked 
|   6|0x0000000082a00000, 0x0000000082a00000, 0x0000000082b00000|  0%| F|  |TAMS 0x0000000082a00000, 0x0000000082a00000| Untracked 
|   7|0x0000000082b00000, 0x0000000082b00000, 0x0000000082c00000|  0%| F|  |TAMS 0x0000000082b00000, 0x0000000082b00000| Untracked 
|   8|0x0000000082c00000, 0x0000000082c00000, 0x0000000082d00000|  0%| F|  |TAMS 0x0000000082c00000, 0x0000000082c00000| Untracked 
|   9|0x0000000082d00000, 0x0000000082d00000, 0x0000000082e00000|  0%| F|  |TAMS 0x0000000082d00000, 0x0000000082d00000| Untracked 
|  10|0x0000000082e00000, 0x0000000082e00000, 0x0000000082f00000|  0%| F|  |TAMS 0x0000000082e00000, 0x0000000082e00000| Untracked 
|  11|0x0000000082f00000, 0x0000000082f00000, 0x0000000083000000|  0%| F|  |TAMS 0x0000000082f00000, 0x0000000082f00000| Untracked 
|  12|0x0000000083000000, 0x0000000083000000, 0x0000000083100000|  0%| F|  |TAMS 0x0000000083000000, 0x0000000083000000| Untracked 
|  13|0x0000000083100000, 0x0000000083100000, 0x0000000083200000|  0%| F|  |TAMS 0x0000000083100000, 0x0000000083100000| Untracked 
|  14|0x0000000083200000, 0x0000000083200000, 0x0000000083300000|  0%| F|  |TAMS 0x0000000083200000, 0x0000000083200000| Untracked 
|  15|0x0000000083300000, 0x0000000083300000, 0x0000000083400000|  0%| F|  |TAMS 0x0000000083300000, 0x0000000083300000| Untracked 
|  16|0x0000000083400000, 0x0000000083400000, 0x0000000083500000|  0%| F|  |TAMS 0x0000000083400000, 0x0000000083400000| Untracked 
|  17|0x0000000083500000, 0x0000000083500000, 0x0000000083600000|  0%| F|  |TAMS 0x0000000083500000, 0x0000000083500000| Untracked 
|  18|0x0000000083600000, 0x0000000083600000, 0x0000000083700000|  0%| F|  |TAMS 0x0000000083600000, 0x0000000083600000| Untracked 
|  19|0x0000000083700000, 0x0000000083700000, 0x0000000083800000|  0%| F|  |TAMS 0x0000000083700000, 0x0000000083700000| Untracked 
|  20|0x0000000083800000, 0x0000000083800000, 0x0000000083900000|  0%| F|  |TAMS 0x0000000083800000, 0x0000000083800000| Untracked 
|  21|0x0000000083900000, 0x0000000083900000, 0x0000000083a00000|  0%| F|  |TAMS 0x0000000083900000, 0x0000000083900000| Untracked 
|  22|0x0000000083a00000, 0x0000000083a00000, 0x0000000083b00000|  0%| F|  |TAMS 0x0000000083a00000, 0x0000000083a00000| Untracked 
|  23|0x0000000083b00000, 0x0000000083b00000, 0x0000000083c00000|  0%| F|  |TAMS 0x0000000083b00000, 0x0000000083b00000| Untracked 
|  24|0x0000000083c00000, 0x0000000083c00000, 0x0000000083d00000|  0%| F|  |TAMS 0x0000000083c00000, 0x0000000083c00000| Untracked 
|  25|0x0000000083d00000, 0x0000000083d00000, 0x0000000083e00000|  0%| F|  |TAMS 0x0000000083d00000, 0x0000000083d00000| Untracked 
|  26|0x0000000083e00000, 0x0000000083e00000, 0x0000000083f00000|  0%| F|  |TAMS 0x0000000083e00000, 0x0000000083e00000| Untracked 
|  27|0x0000000083f00000, 0x0000000083f00000, 0x0000000084000000|  0%| F|  |TAMS 0x0000000083f00000, 0x0000000083f00000| Untracked 
|  28|0x0000000084000000, 0x0000000084000000, 0x0000000084100000|  0%| F|  |TAMS 0x0000000084000000, 0x0000000084000000| Untracked 
|  29|0x0000000084100000, 0x0000000084100000, 0x0000000084200000|  0%| F|  |TAMS 0x0000000084100000, 0x0000000084100000| Untracked 
|  30|0x0000000084200000, 0x0000000084200000, 0x0000000084300000|  0%| F|  |TAMS 0x0000000084200000, 0x0000000084200000| Untracked 
|  31|0x0000000084300000, 0x0000000084300000, 0x0000000084400000|  0%| F|  |TAMS 0x0000000084300000, 0x0000000084300000| Untracked 
|  32|0x0000000084400000, 0x0000000084400000, 0x0000000084500000|  0%| F|  |TAMS 0x0000000084400000, 0x0000000084400000| Untracked 
|  33|0x0000000084500000, 0x0000000084500000, 0x0000000084600000|  0%| F|  |TAMS 0x0000000084500000, 0x0000000084500000| Untracked 
|  34|0x0000000084600000, 0x0000000084600000, 0x0000000084700000|  0%| F|  |TAMS 0x0000000084600000, 0x0000000084600000| Untracked 
|  35|0x0000000084700000, 0x0000000084700000, 0x0000000084800000|  0%| F|  |TAMS 0x0000000084700000, 0x0000000084700000| Untracked 
|  36|0x0000000084800000, 0x0000000084800000, 0x0000000084900000|  0%| F|  |TAMS 0x0000000084800000, 0x0000000084800000| Untracked 
|  37|0x0000000084900000, 0x0000000084900000, 0x0000000084a00000|  0%| F|  |TAMS 0x0000000084900000, 0x0000000084900000| Untracked 
|  38|0x0000000084a00000, 0x0000000084a00000, 0x0000000084b00000|  0%| F|  |TAMS 0x0000000084a00000, 0x0000000084a00000| Untracked 
|  39|0x0000000084b00000, 0x0000000084b00000, 0x0000000084c00000|  0%| F|  |TAMS 0x0000000084b00000, 0x0000000084b00000| Untracked 
|  40|0x0000000084c00000, 0x0000000084c00000, 0x0000000084d00000|  0%| F|  |TAMS 0x0000000084c00000, 0x0000000084c00000| Untracked 
|  41|0x0000000084d00000, 0x0000000084d00000, 0x0000000084e00000|  0%| F|  |TAMS 0x0000000084d00000, 0x0000000084d00000| Untracked 
|  42|0x0000000084e00000, 0x0000000084e00000, 0x0000000084f00000|  0%| F|  |TAMS 0x0000000084e00000, 0x0000000084e00000| Untracked 
|  43|0x0000000084f00000, 0x0000000084f00000, 0x0000000085000000|  0%| F|  |TAMS 0x0000000084f00000, 0x0000000084f00000| Untracked 
|  44|0x0000000085000000, 0x0000000085000000, 0x0000000085100000|  0%| F|  |TAMS 0x0000000085000000, 0x0000000085000000| Untracked 
|  45|0x0000000085100000, 0x0000000085100000, 0x0000000085200000|  0%| F|  |TAMS 0x0000000085100000, 0x0000000085100000| Untracked 
|  46|0x0000000085200000, 0x0000000085200000, 0x0000000085300000|  0%| F|  |TAMS 0x0000000085200000, 0x0000000085200000| Untracked 
|  47|0x0000000085300000, 0x0000000085300000, 0x0000000085400000|  0%| F|  |TAMS 0x0000000085300000, 0x0000000085300000| Untracked 
|  48|0x0000000085400000, 0x0000000085400000, 0x0000000085500000|  0%| F|  |TAMS 0x0000000085400000, 0x0000000085400000| Untracked 
|  49|0x0000000085500000, 0x0000000085500000, 0x0000000085600000|  0%| F|  |TAMS 0x0000000085500000, 0x0000000085500000| Untracked 
|  50|0x0000000085600000, 0x0000000085600000, 0x0000000085700000|  0%| F|  |TAMS 0x0000000085600000, 0x0000000085600000| Untracked 
|  51|0x0000000085700000, 0x0000000085700000, 0x0000000085800000|  0%| F|  |TAMS 0x0000000085700000, 0x0000000085700000| Untracked 
|  52|0x0000000085800000, 0x0000000085800000, 0x0000000085900000|  0%| F|  |TAMS 0x0000000085800000, 0x0000000085800000| Untracked 
|  53|0x0000000085900000, 0x0000000085900000, 0x0000000085a00000|  0%| F|  |TAMS 0x0000000085900000, 0x0000000085900000| Untracked 
|  54|0x0000000085a00000, 0x0000000085a00000, 0x0000000085b00000|  0%| F|  |TAMS 0x0000000085a00000, 0x0000000085a00000| Untracked 
|  55|0x0000000085b00000, 0x0000000085b00000, 0x0000000085c00000|  0%| F|  |TAMS 0x0000000085b00000, 0x0000000085b00000| Untracked 
|  56|0x0000000085c00000, 0x0000000085c00000, 0x0000000085d00000|  0%| F|  |TAMS 0x0000000085c00000, 0x0000000085c00000| Untracked 
|  57|0x0000000085d00000, 0x0000000085d00000, 0x0000000085e00000|  0%| F|  |TAMS 0x0000000085d00000, 0x0000000085d00000| Untracked 
|  58|0x0000000085e00000, 0x0000000085e00000, 0x0000000085f00000|  0%| F|  |TAMS 0x0000000085e00000, 0x0000000085e00000| Untracked 
|  59|0x0000000085f00000, 0x0000000085f00000, 0x0000000086000000|  0%| F|  |TAMS 0x0000000085f00000, 0x0000000085f00000| Untracked 
|  60|0x0000000086000000, 0x0000000086000000, 0x0000000086100000|  0%| F|  |TAMS 0x0000000086000000, 0x0000000086000000| Untracked 
|  61|0x0000000086100000, 0x0000000086100000, 0x0000000086200000|  0%| F|  |TAMS 0x0000000086100000, 0x0000000086100000| Untracked 
|  62|0x0000000086200000, 0x0000000086200000, 0x0000000086300000|  0%| F|  |TAMS 0x0000000086200000, 0x0000000086200000| Untracked 
|  63|0x0000000086300000, 0x0000000086300000, 0x0000000086400000|  0%| F|  |TAMS 0x0000000086300000, 0x0000000086300000| Untracked 
|  64|0x0000000086400000, 0x0000000086400000, 0x0000000086500000|  0%| F|  |TAMS 0x0000000086400000, 0x0000000086400000| Untracked 
|  65|0x0000000086500000, 0x0000000086500000, 0x0000000086600000|  0%| F|  |TAMS 0x0000000086500000, 0x0000000086500000| Untracked 
|  66|0x0000000086600000, 0x0000000086600000, 0x0000000086700000|  0%| F|  |TAMS 0x0000000086600000, 0x0000000086600000| Untracked 
|  67|0x0000000086700000, 0x0000000086700000, 0x0000000086800000|  0%| F|  |TAMS 0x0000000086700000, 0x0000000086700000| Untracked 
|  68|0x0000000086800000, 0x0000000086800000, 0x0000000086900000|  0%| F|  |TAMS 0x0000000086800000, 0x0000000086800000| Untracked 
|  69|0x0000000086900000, 0x0000000086900000, 0x0000000086a00000|  0%| F|  |TAMS 0x0000000086900000, 0x0000000086900000| Untracked 
|  70|0x0000000086a00000, 0x0000000086a00000, 0x0000000086b00000|  0%| F|  |TAMS 0x0000000086a00000, 0x0000000086a00000| Untracked 
|  71|0x0000000086b00000, 0x0000000086b00000, 0x0000000086c00000|  0%| F|  |TAMS 0x0000000086b00000, 0x0000000086b00000| Untracked 
|  72|0x0000000086c00000, 0x0000000086c00000, 0x0000000086d00000|  0%| F|  |TAMS 0x0000000086c00000, 0x0000000086c00000| Untracked 
|  73|0x0000000086d00000, 0x0000000086d00000, 0x0000000086e00000|  0%| F|  |TAMS 0x0000000086d00000, 0x0000000086d00000| Untracked 
|  74|0x0000000086e00000, 0x0000000086e00000, 0x0000000086f00000|  0%| F|  |TAMS 0x0000000086e00000, 0x0000000086e00000| Untracked 
|  75|0x0000000086f00000, 0x0000000086f00000, 0x0000000087000000|  0%| F|  |TAMS 0x0000000086f00000, 0x0000000086f00000| Untracked 
|  76|0x0000000087000000, 0x0000000087000000, 0x0000000087100000|  0%| F|  |TAMS 0x0000000087000000, 0x0000000087000000| Untracked 
|  77|0x0000000087100000, 0x0000000087100000, 0x0000000087200000|  0%| F|  |TAMS 0x0000000087100000, 0x0000000087100000| Untracked 
|  78|0x0000000087200000, 0x0000000087200000, 0x0000000087300000|  0%| F|  |TAMS 0x0000000087200000, 0x0000000087200000| Untracked 
|  79|0x0000000087300000, 0x0000000087300000, 0x0000000087400000|  0%| F|  |TAMS 0x0000000087300000, 0x0000000087300000| Untracked 
|  80|0x0000000087400000, 0x0000000087400000, 0x0000000087500000|  0%| F|  |TAMS 0x0000000087400000, 0x0000000087400000| Untracked 
|  81|0x0000000087500000, 0x0000000087500000, 0x0000000087600000|  0%| F|  |TAMS 0x0000000087500000, 0x0000000087500000| Untracked 
|  82|0x0000000087600000, 0x0000000087600000, 0x0000000087700000|  0%| F|  |TAMS 0x0000000087600000, 0x0000000087600000| Untracked 
|  83|0x0000000087700000, 0x0000000087700000, 0x0000000087800000|  0%| F|  |TAMS 0x0000000087700000, 0x0000000087700000| Untracked 
|  84|0x0000000087800000, 0x0000000087800000, 0x0000000087900000|  0%| F|  |TAMS 0x0000000087800000, 0x0000000087800000| Untracked 
|  85|0x0000000087900000, 0x0000000087900000, 0x0000000087a00000|  0%| F|  |TAMS 0x0000000087900000, 0x0000000087900000| Untracked 
|  86|0x0000000087a00000, 0x0000000087a00000, 0x0000000087b00000|  0%| F|  |TAMS 0x0000000087a00000, 0x0000000087a00000| Untracked 
|  87|0x0000000087b00000, 0x0000000087b00000, 0x0000000087c00000|  0%| F|  |TAMS 0x0000000087b00000, 0x0000000087b00000| Untracked 
|  88|0x0000000087c00000, 0x0000000087c00000, 0x0000000087d00000|  0%| F|  |TAMS 0x0000000087c00000, 0x0000000087c00000| Untracked 
|  89|0x0000000087d00000, 0x0000000087d00000, 0x0000000087e00000|  0%| F|  |TAMS 0x0000000087d00000, 0x0000000087d00000| Untracked 
|  90|0x0000000087e00000, 0x0000000087e00000, 0x0000000087f00000|  0%| F|  |TAMS 0x0000000087e00000, 0x0000000087e00000| Untracked 
|  91|0x0000000087f00000, 0x0000000087f00000, 0x0000000088000000|  0%| F|  |TAMS 0x0000000087f00000, 0x0000000087f00000| Untracked 
|  92|0x0000000088000000, 0x0000000088000000, 0x0000000088100000|  0%| F|  |TAMS 0x0000000088000000, 0x0000000088000000| Untracked 
|  93|0x0000000088100000, 0x0000000088100000, 0x0000000088200000|  0%| F|  |TAMS 0x0000000088100000, 0x0000000088100000| Untracked 
|  94|0x0000000088200000, 0x0000000088200000, 0x0000000088300000|  0%| F|  |TAMS 0x0000000088200000, 0x0000000088200000| Untracked 
|  95|0x0000000088300000, 0x0000000088300000, 0x0000000088400000|  0%| F|  |TAMS 0x0000000088300000, 0x0000000088300000| Untracked 
|  96|0x0000000088400000, 0x0000000088400000, 0x0000000088500000|  0%| F|  |TAMS 0x0000000088400000, 0x0000000088400000| Untracked 
|  97|0x0000000088500000, 0x0000000088500000, 0x0000000088600000|  0%| F|  |TAMS 0x0000000088500000, 0x0000000088500000| Untracked 
|  98|0x0000000088600000, 0x0000000088600000, 0x0000000088700000|  0%| F|  |TAMS 0x0000000088600000, 0x0000000088600000| Untracked 
|  99|0x0000000088700000, 0x0000000088700000, 0x0000000088800000|  0%| F|  |TAMS 0x0000000088700000, 0x0000000088700000| Untracked 
| 100|0x0000000088800000, 0x0000000088800000, 0x0000000088900000|  0%| F|  |TAMS 0x0000000088800000, 0x0000000088800000| Untracked 
| 101|0x0000000088900000, 0x0000000088900000, 0x0000000088a00000|  0%| F|  |TAMS 0x0000000088900000, 0x0000000088900000| Untracked 
| 102|0x0000000088a00000, 0x0000000088a00000, 0x0000000088b00000|  0%| F|  |TAMS 0x0000000088a00000, 0x0000000088a00000| Untracked 
| 103|0x0000000088b00000, 0x0000000088b00000, 0x0000000088c00000|  0%| F|  |TAMS 0x0000000088b00000, 0x0000000088b00000| Untracked 
| 104|0x0000000088c00000, 0x0000000088c00000, 0x0000000088d00000|  0%| F|  |TAMS 0x0000000088c00000, 0x0000000088c00000| Untracked 
| 105|0x0000000088d00000, 0x0000000088d00000, 0x0000000088e00000|  0%| F|  |TAMS 0x0000000088d00000, 0x0000000088d00000| Untracked 
| 106|0x0000000088e00000, 0x0000000088e00000, 0x0000000088f00000|  0%| F|  |TAMS 0x0000000088e00000, 0x0000000088e00000| Untracked 
| 107|0x0000000088f00000, 0x0000000088f00000, 0x0000000089000000|  0%| F|  |TAMS 0x0000000088f00000, 0x0000000088f00000| Untracked 
| 108|0x0000000089000000, 0x0000000089000000, 0x0000000089100000|  0%| F|  |TAMS 0x0000000089000000, 0x0000000089000000| Untracked 
| 109|0x0000000089100000, 0x0000000089100000, 0x0000000089200000|  0%| F|  |TAMS 0x0000000089100000, 0x0000000089100000| Untracked 
| 110|0x0000000089200000, 0x0000000089200000, 0x0000000089300000|  0%| F|  |TAMS 0x0000000089200000, 0x0000000089200000| Untracked 
| 111|0x0000000089300000, 0x0000000089300000, 0x0000000089400000|  0%| F|  |TAMS 0x0000000089300000, 0x0000000089300000| Untracked 
| 112|0x0000000089400000, 0x0000000089400000, 0x0000000089500000|  0%| F|  |TAMS 0x0000000089400000, 0x0000000089400000| Untracked 
| 113|0x0000000089500000, 0x0000000089500000, 0x0000000089600000|  0%| F|  |TAMS 0x0000000089500000, 0x0000000089500000| Untracked 
| 114|0x0000000089600000, 0x0000000089600000, 0x0000000089700000|  0%| F|  |TAMS 0x0000000089600000, 0x0000000089600000| Untracked 
| 115|0x0000000089700000, 0x0000000089700000, 0x0000000089800000|  0%| F|  |TAMS 0x0000000089700000, 0x0000000089700000| Untracked 
| 116|0x0000000089800000, 0x0000000089800000, 0x0000000089900000|  0%| F|  |TAMS 0x0000000089800000, 0x0000000089800000| Untracked 
| 117|0x0000000089900000, 0x0000000089900000, 0x0000000089a00000|  0%| F|  |TAMS 0x0000000089900000, 0x0000000089900000| Untracked 
| 118|0x0000000089a00000, 0x0000000089a00000, 0x0000000089b00000|  0%| F|  |TAMS 0x0000000089a00000, 0x0000000089a00000| Untracked 
| 119|0x0000000089b00000, 0x0000000089b00000, 0x0000000089c00000|  0%| F|  |TAMS 0x0000000089b00000, 0x0000000089b00000| Untracked 
| 120|0x0000000089c00000, 0x0000000089c00000, 0x0000000089d00000|  0%| F|  |TAMS 0x0000000089c00000, 0x0000000089c00000| Untracked 
| 121|0x0000000089d00000, 0x0000000089d00000, 0x0000000089e00000|  0%| F|  |TAMS 0x0000000089d00000, 0x0000000089d00000| Untracked 
| 122|0x0000000089e00000, 0x0000000089e00000, 0x0000000089f00000|  0%| F|  |TAMS 0x0000000089e00000, 0x0000000089e00000| Untracked 
| 123|0x0000000089f00000, 0x0000000089f00000, 0x000000008a000000|  0%| F|  |TAMS 0x0000000089f00000, 0x0000000089f00000| Untracked 
| 124|0x000000008a000000, 0x000000008a076538, 0x000000008a100000| 46%| E|  |TAMS 0x000000008a000000, 0x000000008a000000| Complete 
| 125|0x000000008a100000, 0x000000008a200000, 0x000000008a200000|100%| E|CS|TAMS 0x000000008a100000, 0x000000008a100000| Complete 

Card table byte_map: [0x0000015668f40000,0x0000015669330000] _byte_map_base: 0x0000015668b2e000

Marking Bits (Prev, Next): (CMBitMap*) 0x0000015651fc79f0, (CMBitMap*) 0x0000015651fc7a30
 Prev Bits: [0x0000015669720000, 0x000001566b690000)
 Next Bits: [0x000001566b690000, 0x000001566d600000)

Polling page: 0x000001564fee0000

Metaspace:

Usage:
  Non-class:    193.09 KB used.
      Class:      4.48 KB used.
       Both:    197.57 KB used.

Virtual space:
  Non-class space:       64.00 MB reserved,     256.00 KB ( <1%) committed,  1 nodes.
      Class space:        1.00 GB reserved,     128.00 KB ( <1%) committed,  1 nodes.
             Both:        1.06 GB reserved,     384.00 KB ( <1%) committed. 

Chunk freelists:
   Non-Class:  12.00 MB
       Class:  15.75 MB
        Both:  27.75 MB

MaxMetaspaceSize: unlimited
CompressedClassSpaceSize: 1.00 GB
Initial GC threshold: 21.00 MB
Current GC threshold: 21.00 MB
CDS: on
MetaspaceReclaimPolicy: balanced
 - commit_granule_bytes: 65536.
 - commit_granule_words: 8192.
 - virtual_space_node_default_size: 8388608.
 - enlarge_chunks_in_place: 1.
 - new_chunks_are_fully_committed: 0.
 - uncommit_free_chunks: 1.
 - use_allocation_guard: 0.
 - handle_deallocations: 1.


Internal statistics:

num_allocs_failed_limit: 0.
num_arena_births: 4.
num_arena_deaths: 0.
num_vsnodes_births: 2.
num_vsnodes_deaths: 0.
num_space_committed: 6.
num_space_uncommitted: 0.
num_chunks_returned_to_freelist: 0.
num_chunks_taken_from_freelist: 5.
num_chunk_merges: 0.
num_chunk_splits: 3.
num_chunks_enlarged: 1.
num_inconsistent_stats: 0.

CodeHeap 'non-profiled nmethods': size=120000Kb used=41Kb max_used=41Kb free=119958Kb
 bounds [0x00000156612f0000, 0x0000015661560000, 0x0000015668820000]
CodeHeap 'profiled nmethods': size=120000Kb used=138Kb max_used=138Kb free=119862Kb
 bounds [0x0000015659820000, 0x0000015659a90000, 0x0000015660d50000]
CodeHeap 'non-nmethods': size=5760Kb used=1070Kb max_used=1085Kb free=4689Kb
 bounds [0x0000015660d50000, 0x0000015660fc0000, 0x00000156612f0000]
 total_blobs=462 nmethods=126 adapters=249
 compilation: enabled
              stopped_count=0, restarted_count=0
 full_count=0

Compilation events (20 events):
Event: 0.102 Thread 0x0000015670011fa0 nmethod 107 0x00000156612f8890 code [0x00000156612f8a20, 0x00000156612f8af8]
Event: 0.102 Thread 0x0000015670011fa0   80       1       jdk.internal.module.ModuleReferenceImpl::moduleResolution (5 bytes)
Event: 0.102 Thread 0x0000015670011fa0 nmethod 80 0x00000156612f8b90 code [0x00000156612f8d20, 0x00000156612f8df8]
Event: 0.102 Thread 0x0000015670011fa0  113       1       java.lang.module.ModuleDescriptor::uses (5 bytes)
Event: 0.102 Thread 0x0000015670011fa0 nmethod 113 0x00000156612f8e90 code [0x00000156612f9020, 0x00000156612f90f8]
Event: 0.102 Thread 0x0000015670011fa0  114       3       java.util.HashMap::containsKey (14 bytes)
Event: 0.103 Thread 0x0000015670011fa0 nmethod 114 0x000001565983f290 code [0x000001565983f440, 0x000001565983f5e8]
Event: 0.103 Thread 0x0000015670011fa0  115       3       java.lang.StringLatin1::lastIndexOf (125 bytes)
Event: 0.104 Thread 0x0000015670011fa0 nmethod 115 0x000001565983f690 code [0x000001565983f860, 0x000001565983fcf8]
Event: 0.104 Thread 0x0000015670011fa0  117       3       java.lang.Math::min (11 bytes)
Event: 0.104 Thread 0x0000015670011fa0 nmethod 117 0x000001565983ff90 code [0x0000015659840120, 0x0000015659840258]
Event: 0.104 Thread 0x0000015670011fa0  118       3       java.util.AbstractSet::<init> (5 bytes)
Event: 0.104 Thread 0x0000015670011fa0 nmethod 118 0x0000015659840310 code [0x00000156598404c0, 0x0000015659840678]
Event: 0.104 Thread 0x0000015670011fa0  119       3       java.util.ImmutableCollections$Set12$1::next (95 bytes)
Event: 0.104 Thread 0x0000015670011fa0 nmethod 119 0x0000015659840790 code [0x0000015659840960, 0x0000015659840c48]
Event: 0.105 Thread 0x0000015670011fa0  120       3       java.util.HashMap::keySet (25 bytes)
Event: 0.105 Thread 0x0000015670011fa0 nmethod 120 0x0000015659840d90 code [0x0000015659840f40, 0x0000015659841318]
Event: 0.105 Thread 0x0000015670011fa0  121       3       java.util.HashMap$KeySet::iterator (12 bytes)
Event: 0.105 Thread 0x0000015670011fa0 nmethod 121 0x0000015659841490 code [0x0000015659841640, 0x00000156598418a8]
Event: 0.105 Thread 0x0000015670011fa0  124       3       java.lang.module.ResolvedModule::hashCode (16 bytes)

GC Heap History (0 events):
No events

Deoptimization events (0 events):
No events

Classes unloaded (0 events):
No events

Classes redefined (0 events):
No events

Internal exceptions (0 events):
No events

VM Operations (2 events):
Event: 0.093 Executing VM operation: HandshakeAllThreads
Event: 0.093 Executing VM operation: HandshakeAllThreads done

Events (15 events):
Event: 0.009 Loaded shared library C:\Program Files\Java\jdk-17\bin\java.dll
Event: 0.048 Loaded shared library C:\Program Files\Java\jdk-17\bin\jsvml.dll
Event: 0.048 Thread 0x0000015651f6c480 Thread added: 0x0000015651f6c480
Event: 0.051 Thread 0x000001566ffef240 Thread added: 0x000001566ffef240
Event: 0.051 Thread 0x000001566ffefcd0 Thread added: 0x000001566ffefcd0
Event: 0.059 loading class sun/nio/cs/UTF_8$Encoder
Event: 0.059 loading class sun/nio/cs/UTF_8$Encoder done
Event: 0.060 Thread 0x000001566fffd4e0 Thread added: 0x000001566fffd4e0
Event: 0.060 Thread 0x000001566fffecc0 Thread added: 0x000001566fffecc0
Event: 0.061 Thread 0x00000156700013a0 Thread added: 0x00000156700013a0
Event: 0.061 Thread 0x0000015670005980 Thread added: 0x0000015670005980
Event: 0.061 Thread 0x00000156700079d0 Thread added: 0x00000156700079d0
Event: 0.061 Thread 0x0000015670011fa0 Thread added: 0x0000015670011fa0
Event: 0.061 Thread 0x00000156700249a0 Thread added: 0x00000156700249a0
Event: 0.084 Thread 0x000001566ffd5300 Thread added: 0x000001566ffd5300


Dynamic libraries:
0x00007ff7b5310000 - 0x00007ff7b5320000 	C:\Program Files\Java\jdk-17\bin\java.exe
0x00007ffe50010000 - 0x00007ffe50208000 	C:\WINDOWS\SYSTEM32\ntdll.dll
0x00007ffe4f200000 - 0x00007ffe4f2bd000 	C:\WINDOWS\System32\KERNEL32.DLL
0x00007ffe4da10000 - 0x00007ffe4dd06000 	C:\WINDOWS\System32\KERNELBASE.dll
0x00007ffe4df40000 - 0x00007ffe4e040000 	C:\WINDOWS\System32\ucrtbase.dll
0x00007ffe30ce0000 - 0x00007ffe30cfb000 	C:\Program Files\Java\jdk-17\bin\VCRUNTIME140.dll
0x00007ffe30cc0000 - 0x00007ffe30cd9000 	C:\Program Files\Java\jdk-17\bin\jli.dll
0x00007ffe4ef70000 - 0x00007ffe4f020000 	C:\WINDOWS\System32\ADVAPI32.dll
0x00007ffe4edb0000 - 0x00007ffe4ee4e000 	C:\WINDOWS\System32\msvcrt.dll
0x00007ffe4e9b0000 - 0x00007ffe4ea50000 	C:\WINDOWS\System32\sechost.dll
0x00007ffe4e880000 - 0x00007ffe4e9a3000 	C:\WINDOWS\System32\RPCRT4.dll
0x00007ffe4de10000 - 0x00007ffe4de37000 	C:\WINDOWS\System32\bcrypt.dll
0x00007ffe4fc40000 - 0x00007ffe4fddf000 	C:\WINDOWS\System32\USER32.dll
0x00007ffe39f10000 - 0x00007ffe3a1aa000 	C:\WINDOWS\WinSxS\amd64_microsoft.windows.common-controls_6595b64144ccf1df_6.0.19041.3636_none_60b6a03d71f818d5\COMCTL32.dll
0x00007ffe4d9e0000 - 0x00007ffe4da02000 	C:\WINDOWS\System32\win32u.dll
0x00007ffe4fde0000 - 0x00007ffe4fe0b000 	C:\WINDOWS\System32\GDI32.dll
0x00007ffe4d8c0000 - 0x00007ffe4d9d7000 	C:\WINDOWS\System32\gdi32full.dll
0x00007ffe4d6c0000 - 0x00007ffe4d75d000 	C:\WINDOWS\System32\msvcp_win.dll
0x00007ffe45e20000 - 0x00007ffe45e2a000 	C:\WINDOWS\SYSTEM32\VERSION.dll
0x00007ffe4fe70000 - 0x00007ffe4fea2000 	C:\WINDOWS\System32\IMM32.DLL
0x00007ffe44700000 - 0x00007ffe4470c000 	C:\Program Files\Java\jdk-17\bin\vcruntime140_1.dll
0x00007ffe11dc0000 - 0x00007ffe11e4e000 	C:\Program Files\Java\jdk-17\bin\msvcp140.dll
0x00007ffdbfc70000 - 0x00007ffdc084f000 	C:\Program Files\Java\jdk-17\bin\server\jvm.dll
0x00007ffe4f020000 - 0x00007ffe4f028000 	C:\WINDOWS\System32\PSAPI.DLL
0x00007ffe3b6d0000 - 0x00007ffe3b6f7000 	C:\WINDOWS\SYSTEM32\WINMM.dll
0x00007ffe255a0000 - 0x00007ffe255a9000 	C:\WINDOWS\SYSTEM32\WSOCK32.dll
0x00007ffe4ef00000 - 0x00007ffe4ef6b000 	C:\WINDOWS\System32\WS2_32.dll
0x00007ffe4b550000 - 0x00007ffe4b562000 	C:\WINDOWS\SYSTEM32\kernel.appcore.dll
0x00007ffe30cb0000 - 0x00007ffe30cba000 	C:\Program Files\Java\jdk-17\bin\jimage.dll
0x00007ffe4ad40000 - 0x00007ffe4af24000 	C:\WINDOWS\SYSTEM32\DBGHELP.DLL
0x00007ffe37d50000 - 0x00007ffe37d84000 	C:\WINDOWS\SYSTEM32\dbgcore.DLL
0x00007ffe4de40000 - 0x00007ffe4dec2000 	C:\WINDOWS\System32\bcryptPrimitives.dll
0x00007ffe30c90000 - 0x00007ffe30c9e000 	C:\Program Files\Java\jdk-17\bin\instrument.dll
0x00007ffe30c60000 - 0x00007ffe30c85000 	C:\Program Files\Java\jdk-17\bin\java.dll
0x00007ffe11bc0000 - 0x00007ffe11c97000 	C:\Program Files\Java\jdk-17\bin\jsvml.dll
0x00007ffe4f2c0000 - 0x00007ffe4fa2b000 	C:\WINDOWS\System32\SHELL32.dll
0x00007ffe4b750000 - 0x00007ffe4beee000 	C:\WINDOWS\SYSTEM32\windows.storage.dll
0x00007ffe4ea50000 - 0x00007ffe4eda3000 	C:\WINDOWS\System32\combase.dll
0x00007ffe4d0f0000 - 0x00007ffe4d11e000 	C:\WINDOWS\SYSTEM32\Wldp.dll
0x00007ffe4e6c0000 - 0x00007ffe4e78d000 	C:\WINDOWS\System32\OLEAUT32.dll
0x00007ffe4ee50000 - 0x00007ffe4eefd000 	C:\WINDOWS\System32\SHCORE.dll
0x00007ffe4f040000 - 0x00007ffe4f095000 	C:\WINDOWS\System32\shlwapi.dll
0x00007ffe4d5f0000 - 0x00007ffe4d613000 	C:\WINDOWS\SYSTEM32\profapi.dll

dbghelp: loaded successfully - version: 4.0.5 - missing functions: none
symbol engine: initialized successfully - sym options: 0x614 - pdb path: .;C:\Program Files\Java\jdk-17\bin;C:\WINDOWS\SYSTEM32;C:\WINDOWS\WinSxS\amd64_microsoft.windows.common-controls_6595b64144ccf1df_6.0.19041.3636_none_60b6a03d71f818d5;C:\Program Files\Java\jdk-17\bin\server

VM Arguments:
jvm_args: -javaagent:C:\Program Files\JetBrains\IntelliJ IDEA 2023.2\lib\idea_rt.jar=64202:C:\Program Files\JetBrains\IntelliJ IDEA 2023.2\bin -Dfile.encoding=UTF-8 
java_command: ReverseArray
java_class_path (initial): D:\Module 2\session3_array\Thuc_hanh\reverse_array\out\production\reverse_array
Launcher Type: SUN_STANDARD

[Global flags]
     intx CICompilerCount                          = 4                                         {product} {ergonomic}
     uint ConcGCThreads                            = 2                                         {product} {ergonomic}
     uint G1ConcRefinementThreads                  = 8                                         {product} {ergonomic}
   size_t G1HeapRegionSize                         = 1048576                                   {product} {ergonomic}
    uintx GCDrainStackTargetSize                   = 64                                        {product} {ergonomic}
   size_t InitialHeapSize                          = 132120576                                 {product} {ergonomic}
   size_t MarkStackSize                            = 4194304                                   {product} {ergonomic}
   size_t MaxHeapSize                              = 2109734912                                {product} {ergonomic}
   size_t MaxNewSize                               = 1265631232                                {product} {ergonomic}
   size_t MinHeapDeltaBytes                        = 1048576                                   {product} {ergonomic}
   size_t MinHeapSize                              = 8388608                                   {product} {ergonomic}
    uintx NonNMethodCodeHeapSize                   = 5839372                                {pd product} {ergonomic}
    uintx NonProfiledCodeHeapSize                  = 122909434                              {pd product} {ergonomic}
    uintx ProfiledCodeHeapSize                     = 122909434                              {pd product} {ergonomic}
    uintx ReservedCodeCacheSize                    = 251658240                              {pd product} {ergonomic}
     bool SegmentedCodeCache                       = true                                      {product} {ergonomic}
   size_t SoftMaxHeapSize                          = 2109734912                             {manageable} {ergonomic}
     bool UseCompressedClassPointers               = true                           {product lp64_product} {ergonomic}
     bool UseCompressedOops                        = true                           {product lp64_product} {ergonomic}
     bool UseG1GC                                  = true                                      {product} {ergonomic}
     bool UseLargePagesIndividualAllocation        = false                                  {pd product} {ergonomic}

Logging:
Log output configuration:
 #0: stdout all=warning uptime,level,tags
 #1: stderr all=off uptime,level,tags

Environment Variables:
JAVA_HOME=C:\Program Files\Java\jdk-21
PATH=C:\Program Files\Common Files\Oracle\Java\javapath;C:\Program Files\Common Files\Siemens\Automation\Simatic OAM\bin;C:\Program Files (x86)\Common Files\Intel\Shared Libraries\redist\intel64_win\compiler;C:\WINDOWS\system32;C:\WINDOWS;C:\WINDOWS\System32\Wbem;C:\WINDOWS\System32\WindowsPowerShell\v1.0\;C:\WINDOWS\System32\OpenSSH\;C:\Program Files\Java\jre1.8.0_301\bin;C:\Program Files\Java\jre1.8.0_301\bin;C:\Program Files (x86)\PICC;C:\Program Files\Microsoft SQL Server\150\Tools\Binn\;C:\Program Files\Cloudflare\Cloudflare WARP\;C:\Program Files (x86)\Microsoft SQL Server\160\Tools\Binn\;C:\Program Files\Microsoft SQL Server\160\Tools\Binn\;C:\Program Files\Microsoft SQL Server\Client SDK\ODBC\170\Tools\Binn\;C:\Program Files\Microsoft SQL Server\160\DTS\Binn\;C:\Program Files (x86)\Microsoft SQL Server\160\DTS\Binn\;C:\Program Files\Azure Data Studio\bin;C:\Users\asus\Downloads\apache-tomcat-8.5.34-windows-x64\apache-tomcat-8.5.34\bin;C:\Program Files\Java\jdk-21\bin;C:\Users\asus\Downloads\apache-maven-3.6.0\bin;C:\Program Files\Git\cmd;C:\Program Files\MySQL\MySQL Shell 8.0\bin\;C:\Users\asus\AppData\Local\Microsoft\WindowsApps;C:\Program Files\Azure Data Studio\bin;C:\Program Files\JetBrains\IntelliJ IDEA 2023.2\bin;;C:\Program Files\JetBrains\WebStorm 2023.3.6\bin;
USERNAME=asus
OS=Windows_NT
PROCESSOR_IDENTIFIER=Intel64 Family 6 Model 158 Stepping 10, GenuineIntel



---------------  S Y S T E M  ---------------

OS:
 Windows 10 , 64 bit Build 19041 (10.0.19041.3636)
OS uptime: 0 days 11:10 hours

CPU: total 8 (initial active 8) (4 cores per cpu, 2 threads per core) family 6 model 158 stepping 10 microcode 0xb4, cx8, cmov, fxsr, ht, mmx, 3dnowpref, sse, sse2, sse3, ssse3, sse4.1, sse4.2, popcnt, lzcnt, tsc, tscinvbit, avx, avx2, aes, erms, clmul, bmi1, bmi2, adx, fma, vzeroupper, clflush, clflushopt

Memory: 4k page, system-wide physical 8043M (1343M free)
TotalPageFile size 12139M (AvailPageFile size 4M)
current process WorkingSet (physical memory assigned to process): 32M, peak: 32M
current process commit charge ("private bytes"): 207M, peak: 207M

vm_info: Java HotSpot(TM) 64-Bit Server VM (17.0.10+11-LTS-240) for windows-amd64 JRE (17.0.10+11-LTS-240), built on Dec 19 2023 21:47:25 by "mach5one" with MS VC++ 17.1 (VS2022)

END.
