#
# There is insufficient memory for the Java Runtime Environment to continue.
# Native memory allocation (mmap) failed to map 132120576 bytes for G1 virtual space
# Possible reasons:
#   The system is out of physical RAM or swap space
#   The process is running with CompressedOops enabled, and the Java Heap may be blocking the growth of the native heap
# Possible solutions:
#   Reduce memory load on the system
#   Increase physical memory or swap space
#   Check if swap backing store is full
#   Decrease Java heap size (-Xmx/-Xms)
#   Decrease number of Java threads
#   Decrease Java thread stack sizes (-Xss)
#   Set larger code cache with -XX:ReservedCodeCacheSize=
#   JVM is running with Unscaled Compressed Oops mode in which the Java heap is
#     placed in the first 4GB address space. The Java Heap base address is the
#     maximum limit for the native heap growth. Please use -XX:HeapBaseMinAddress
#     to set the Java Heap base and to place the Java Heap above 4GB virtual address.
# This output file may be truncated or incomplete.
#
#  Out of Memory Error (os_windows.cpp:3548), pid=15428, tid=12104
#
# JRE version:  (17.0.10+11) (build )
# Java VM: Java HotSpot(TM) 64-Bit Server VM (17.0.10+11-LTS-240, mixed mode, sharing, tiered, compressed oops, compressed class ptrs, g1 gc, windows-amd64)
# No core dump will be written. Minidumps are not enabled by default on client versions of Windows
#

---------------  S U M M A R Y ------------

Command Line: -javaagent:C:\Program Files\JetBrains\IntelliJ IDEA 2023.2\lib\idea_rt.jar=53629:C:\Program Files\JetBrains\IntelliJ IDEA 2023.2\bin -Dfile.encoding=UTF-8 Main

Host: Intel(R) Core(TM) i5-9300H CPU @ 2.40GHz, 8 cores, 7G,  Windows 10 , 64 bit Build 19041 (10.0.19041.3636)
Time: Thu May  9 11:16:36 2024 SE Asia Standard Time elapsed time: 0.013710 seconds (0d 0h 0m 0s)

---------------  T H R E A D  ---------------

Current thread (0x000002738da1bb30):  JavaThread "Unknown thread" [_thread_in_vm, id=12104, stack(0x000000f56ad00000,0x000000f56ae00000)]

Stack: [0x000000f56ad00000,0x000000f56ae00000]
Native frames: (J=compiled Java code, j=interpreted, Vv=VM code, C=native code)
V  [jvm.dll+0x677a5a]
V  [jvm.dll+0x7d8b2d]
V  [jvm.dll+0x7da48e]
V  [jvm.dll+0x7daaf3]
V  [jvm.dll+0x2455ff]
V  [jvm.dll+0x6749b9]
V  [jvm.dll+0x669382]
V  [jvm.dll+0x302e96]
V  [jvm.dll+0x30a416]
V  [jvm.dll+0x359cbe]
V  [jvm.dll+0x359eef]
V  [jvm.dll+0x2d9e88]
V  [jvm.dll+0x2dadf4]
V  [jvm.dll+0x7aa551]
V  [jvm.dll+0x367911]
V  [jvm.dll+0x789639]
V  [jvm.dll+0x3eb30f]
V  [jvm.dll+0x3ecd91]
C  [jli.dll+0x5297]
C  [ucrtbase.dll+0x21bb2]
C  [KERNEL32.DLL+0x17344]
C  [ntdll.dll+0x526b1]


---------------  P R O C E S S  ---------------

Threads class SMR info:
_java_thread_list=0x00007ffe20826a18, length=0, elements={
}

Java Threads: ( => current thread )

Other Threads:
  0x000002738da76fb0 GCTaskThread "GC Thread#0" [stack: 0x000000f56ae00000,0x000000f56af00000] [id=11296]
  0x000002738b97de80 ConcurrentGCThread "G1 Main Marker" [stack: 0x000000f56af00000,0x000000f56b000000] [id=14960]
  0x000002738da83aa0 ConcurrentGCThread "G1 Conc#0" [stack: 0x000000f56b000000,0x000000f56b100000] [id=13040]

[error occurred during error reporting (printing all threads), id 0xc0000005, EXCEPTION_ACCESS_VIOLATION (0xc0000005) at pc=0x00007ffe2005aae7]

VM state: not at safepoint (not fully initialized)

VM Mutex/Monitor currently owned by a thread:  ([mutex/lock_event])
[0x000002738da17500] Heap_lock - owner thread: 0x000002738da1bb30

Heap address: 0x0000000082400000, size: 2012 MB, Compressed Oops mode: 32-bit

CDS archive(s) mapped at: [0x0000000000000000-0x0000000000000000-0x0000000000000000), size 0, SharedBaseAddress: 0x0000000800000000, ArchiveRelocationMode: 1.
Narrow klass base: 0x0000000000000000, Narrow klass shift: 0, Narrow klass range: 0x0

GC Precious Log:
<Empty>

Heap:
 garbage-first heap   total 0K, used 0K [0x0000000082400000, 0x0000000100000000)
  region size 1024K, 0 young (0K), 0 survivors (0K)

[error occurred during error reporting (printing heap information), id 0xc0000005, EXCEPTION_ACCESS_VIOLATION (0xc0000005) at pc=0x00007ffe20441249]

GC Heap History (0 events):
No events

Deoptimization events (0 events):
No events

Classes unloaded (0 events):
No events

Classes redefined (0 events):
No events

Internal exceptions (0 events):
No events

VM Operations (0 events):
No events

Events (1 events):
Event: 0.010 Loaded shared library C:\Program Files\Java\jdk-17\bin\java.dll


Dynamic libraries:
0x00007ff7496e0000 - 0x00007ff7496f0000 	C:\Program Files\Java\jdk-17\bin\java.exe
0x00007ffe88530000 - 0x00007ffe88728000 	C:\WINDOWS\SYSTEM32\ntdll.dll
0x00007ffe86fd0000 - 0x00007ffe8708d000 	C:\WINDOWS\System32\KERNEL32.DLL
0x00007ffe85fb0000 - 0x00007ffe862a6000 	C:\WINDOWS\System32\KERNELBASE.dll
0x00007ffe85cc0000 - 0x00007ffe85dc0000 	C:\WINDOWS\System32\ucrtbase.dll
0x00007ffe7f1e0000 - 0x00007ffe7f1fb000 	C:\Program Files\Java\jdk-17\bin\VCRUNTIME140.dll
0x00007ffe815c0000 - 0x00007ffe815d9000 	C:\Program Files\Java\jdk-17\bin\jli.dll
0x00007ffe87d20000 - 0x00007ffe87dd0000 	C:\WINDOWS\System32\ADVAPI32.dll
0x00007ffe865a0000 - 0x00007ffe8663e000 	C:\WINDOWS\System32\msvcrt.dll
0x00007ffe87ba0000 - 0x00007ffe87c40000 	C:\WINDOWS\System32\sechost.dll
0x00007ffe87ff0000 - 0x00007ffe88113000 	C:\WINDOWS\System32\RPCRT4.dll
0x00007ffe85be0000 - 0x00007ffe85c07000 	C:\WINDOWS\System32\bcrypt.dll
0x00007ffe882a0000 - 0x00007ffe8843f000 	C:\WINDOWS\System32\USER32.dll
0x00007ffe71f80000 - 0x00007ffe7221a000 	C:\WINDOWS\WinSxS\amd64_microsoft.windows.common-controls_6595b64144ccf1df_6.0.19041.3636_none_60b6a03d71f818d5\COMCTL32.dll
0x00007ffe86530000 - 0x00007ffe86552000 	C:\WINDOWS\System32\win32u.dll
0x00007ffe86570000 - 0x00007ffe8659b000 	C:\WINDOWS\System32\GDI32.dll
0x00007ffe86410000 - 0x00007ffe86527000 	C:\WINDOWS\System32\gdi32full.dll
0x00007ffe86300000 - 0x00007ffe8639d000 	C:\WINDOWS\System32\msvcp_win.dll
0x00007ffe7e370000 - 0x00007ffe7e37a000 	C:\WINDOWS\SYSTEM32\VERSION.dll
0x00007ffe87100000 - 0x00007ffe87132000 	C:\WINDOWS\System32\IMM32.DLL
0x00007ffe81700000 - 0x00007ffe8170c000 	C:\Program Files\Java\jdk-17\bin\vcruntime140_1.dll
0x00007ffe582e0000 - 0x00007ffe5836e000 	C:\Program Files\Java\jdk-17\bin\msvcp140.dll
0x00007ffe1fd70000 - 0x00007ffe2094f000 	C:\Program Files\Java\jdk-17\bin\server\jvm.dll
0x00007ffe86560000 - 0x00007ffe86568000 	C:\WINDOWS\System32\PSAPI.DLL
0x00007ffe69930000 - 0x00007ffe69939000 	C:\WINDOWS\SYSTEM32\WSOCK32.dll
0x00007ffe6ff20000 - 0x00007ffe6ff47000 	C:\WINDOWS\SYSTEM32\WINMM.dll
0x00007ffe87f80000 - 0x00007ffe87feb000 	C:\WINDOWS\System32\WS2_32.dll
0x00007ffe83a70000 - 0x00007ffe83a82000 	C:\WINDOWS\SYSTEM32\kernel.appcore.dll
0x00007ffe7f1d0000 - 0x00007ffe7f1da000 	C:\Program Files\Java\jdk-17\bin\jimage.dll
0x00007ffe832b0000 - 0x00007ffe83494000 	C:\WINDOWS\SYSTEM32\DBGHELP.DLL
0x00007ffe71bc0000 - 0x00007ffe71bf4000 	C:\WINDOWS\SYSTEM32\dbgcore.DLL
0x00007ffe85dc0000 - 0x00007ffe85e42000 	C:\WINDOWS\System32\bcryptPrimitives.dll
0x00007ffe7f1c0000 - 0x00007ffe7f1ce000 	C:\Program Files\Java\jdk-17\bin\instrument.dll
0x00007ffe6dd40000 - 0x00007ffe6dd65000 	C:\Program Files\Java\jdk-17\bin\java.dll

dbghelp: loaded successfully - version: 4.0.5 - missing functions: none
symbol engine: initialized successfully - sym options: 0x614 - pdb path: .;C:\Program Files\Java\jdk-17\bin;C:\WINDOWS\SYSTEM32;C:\WINDOWS\WinSxS\amd64_microsoft.windows.common-controls_6595b64144ccf1df_6.0.19041.3636_none_60b6a03d71f818d5;C:\Program Files\Java\jdk-17\bin\server

VM Arguments:
jvm_args: -javaagent:C:\Program Files\JetBrains\IntelliJ IDEA 2023.2\lib\idea_rt.jar=53629:C:\Program Files\JetBrains\IntelliJ IDEA 2023.2\bin -Dfile.encoding=UTF-8 
java_command: Main
java_class_path (initial): D:\Module 2\session2_loop\Thuc_hanh\CheckPrime\out\production\CheckPrime
Launcher Type: SUN_STANDARD

[Global flags]
     intx CICompilerCount                          = 4                                         {product} {ergonomic}
     uint ConcGCThreads                            = 2                                         {product} {ergonomic}
     uint G1ConcRefinementThreads                  = 8                                         {product} {ergonomic}
   size_t G1HeapRegionSize                         = 1048576                                   {product} {ergonomic}
    uintx GCDrainStackTargetSize                   = 64                                        {product} {ergonomic}
   size_t InitialHeapSize                          = 132120576                                 {product} {ergonomic}
   size_t MarkStackSize                            = 4194304                                   {product} {ergonomic}
   size_t MaxHeapSize                              = 2109734912                                {product} {ergonomic}
   size_t MinHeapDeltaBytes                        = 1048576                                   {product} {ergonomic}
   size_t MinHeapSize                              = 8388608                                   {product} {ergonomic}
    uintx NonNMethodCodeHeapSize                   = 5839372                                {pd product} {ergonomic}
    uintx NonProfiledCodeHeapSize                  = 122909434                              {pd product} {ergonomic}
    uintx ProfiledCodeHeapSize                     = 122909434                              {pd product} {ergonomic}
    uintx ReservedCodeCacheSize                    = 251658240                              {pd product} {ergonomic}
     bool SegmentedCodeCache                       = true                                      {product} {ergonomic}
   size_t SoftMaxHeapSize                          = 2109734912                             {manageable} {ergonomic}
     bool UseCompressedClassPointers               = true                           {product lp64_product} {ergonomic}
     bool UseCompressedOops                        = true                           {product lp64_product} {ergonomic}
     bool UseG1GC                                  = true                                      {product} {ergonomic}
     bool UseLargePagesIndividualAllocation        = false                                  {pd product} {ergonomic}

Logging:
Log output configuration:
 #0: stdout all=warning uptime,level,tags
 #1: stderr all=off uptime,level,tags

Environment Variables:
JAVA_HOME=C:\Program Files\Java\jdk-21
PATH=C:\Program Files\Common Files\Oracle\Java\javapath;C:\Program Files\Common Files\Siemens\Automation\Simatic OAM\bin;C:\Program Files (x86)\Common Files\Intel\Shared Libraries\redist\intel64_win\compiler;C:\WINDOWS\system32;C:\WINDOWS;C:\WINDOWS\System32\Wbem;C:\WINDOWS\System32\WindowsPowerShell\v1.0\;C:\WINDOWS\System32\OpenSSH\;C:\Program Files\Java\jre1.8.0_301\bin;C:\Program Files\Java\jre1.8.0_301\bin;C:\Program Files (x86)\PICC;C:\Program Files\Microsoft SQL Server\150\Tools\Binn\;C:\Program Files\Cloudflare\Cloudflare WARP\;C:\Program Files (x86)\Microsoft SQL Server\160\Tools\Binn\;C:\Program Files\Microsoft SQL Server\160\Tools\Binn\;C:\Program Files\Microsoft SQL Server\Client SDK\ODBC\170\Tools\Binn\;C:\Program Files\Microsoft SQL Server\160\DTS\Binn\;C:\Program Files (x86)\Microsoft SQL Server\160\DTS\Binn\;C:\Program Files\Azure Data Studio\bin;C:\Users\asus\Downloads\apache-tomcat-8.5.34-windows-x64\apache-tomcat-8.5.34\bin;C:\Program Files\Java\jdk-21\bin;C:\Users\asus\Downloads\apache-maven-3.6.0\bin;C:\Program Files\Git\cmd;C:\Program Files\MySQL\MySQL Shell 8.0\bin\;C:\Users\asus\AppData\Local\Microsoft\WindowsApps;C:\Program Files\Azure Data Studio\bin;C:\Program Files\JetBrains\IntelliJ IDEA 2023.2\bin;;C:\Program Files\JetBrains\WebStorm 2023.3.6\bin;
USERNAME=asus
OS=Windows_NT
PROCESSOR_IDENTIFIER=Intel64 Family 6 Model 158 Stepping 10, GenuineIntel



---------------  S Y S T E M  ---------------

OS:
 Windows 10 , 64 bit Build 19041 (10.0.19041.3636)
OS uptime: 0 days 3:08 hours

CPU: total 8 (initial active 8) (4 cores per cpu, 2 threads per core) family 6 model 158 stepping 10 microcode 0xb4, cx8, cmov, fxsr, ht, mmx, 3dnowpref, sse, sse2, sse3, ssse3, sse4.1, sse4.2, popcnt, lzcnt, tsc, tscinvbit, avx, avx2, aes, erms, clmul, bmi1, bmi2, adx, fma, vzeroupper, clflush, clflushopt

Memory: 4k page, system-wide physical 8043M (614M free)
TotalPageFile size 12139M (AvailPageFile size 60M)
current process WorkingSet (physical memory assigned to process): 10M, peak: 10M
current process commit charge ("private bytes"): 60M, peak: 186M

vm_info: Java HotSpot(TM) 64-Bit Server VM (17.0.10+11-LTS-240) for windows-amd64 JRE (17.0.10+11-LTS-240), built on Dec 19 2023 21:47:25 by "mach5one" with MS VC++ 17.1 (VS2022)

END.
